Done processing passfail.h
passfail.c:4:  Include the directory when naming .h files  [build/include_subdir] [4]
Done processing passfail.c
Done processing B64.h
B64.c:2:  c/B64.c should include its header file c/B64.h  [build/include] [5]
Done processing B64.c
Unicode.h:30:  Use int16/int64/etc, rather than the C type long  [runtime/int] [4]
Done processing Unicode.h
Unicode.c:13:  Use int16/int64/etc, rather than the C type long  [runtime/int] [4]
Unicode.c:24:  Using C-style cast.  Use reinterpret_cast<in32_t *>(...) instead  [readability/casting] [4]
Unicode.c:38:  Using C-style cast.  Use static_cast<char>(...) instead  [readability/casting] [4]
Unicode.c:41:  Using C-style cast.  Use static_cast<char>(...) instead  [readability/casting] [4]
Unicode.c:42:  Using C-style cast.  Use static_cast<char>(...) instead  [readability/casting] [4]
Unicode.c:45:  Using C-style cast.  Use static_cast<char>(...) instead  [readability/casting] [4]
Unicode.c:46:  Using C-style cast.  Use static_cast<char>(...) instead  [readability/casting] [4]
Unicode.c:47:  Using C-style cast.  Use static_cast<char>(...) instead  [readability/casting] [4]
Unicode.c:50:  Using C-style cast.  Use static_cast<char>(...) instead  [readability/casting] [4]
Unicode.c:51:  Using C-style cast.  Use static_cast<char>(...) instead  [readability/casting] [4]
Unicode.c:52:  Using C-style cast.  Use static_cast<char>(...) instead  [readability/casting] [4]
Unicode.c:53:  Using C-style cast.  Use static_cast<char>(...) instead  [readability/casting] [4]
Unicode.c:195:  Using C-style cast.  Use static_cast<char>(...) instead  [readability/casting] [4]
Unicode.c:2:  c/Unicode.c should include its header file c/Unicode.h  [build/include] [5]
Done processing Unicode.c
Total errors found: 17
